2023-06-02 12:16:05.043  INFO 8616 --- [main] c.i.S.S.SpringBatchApplicationTests      : Starting SpringBatchApplicationTests using Java 17.0.5 on intitccul-5201 with PID 8616 (started by TapasS in D:\Spring_batch\Spring-Batch)
2023-06-02 12:16:05.058  INFO 8616 --- [main] c.i.S.S.SpringBatchApplicationTests      : No active profile set, falling back to 1 default profile: "default"
2023-06-02 12:16:07.001  INFO 8616 --- [main] .s.d.r.c.RepositoryConfigurationDelegate : Bootstrapping Spring Data JPA repositories in DEFAULT mode.
2023-06-02 12:16:07.173  INFO 8616 --- [main] .s.d.r.c.RepositoryConfigurationDelegate : Finished Spring Data repository scanning in 153 ms. Found 3 JPA repository interfaces.
2023-06-02 12:16:07.930  INFO 8616 --- [main] com.zaxxer.hikari.HikariDataSource       : HikariPool-1 - Starting...
2023-06-02 12:16:09.253  INFO 8616 --- [main] com.zaxxer.hikari.HikariDataSource       : HikariPool-1 - Start completed.
2023-06-02 12:16:10.518  INFO 8616 --- [main] o.hibernate.jpa.internal.util.LogHelper  : HHH000204: Processing PersistenceUnitInfo [name: default]
2023-06-02 12:16:10.729  INFO 8616 --- [main] org.hibernate.Version                    : HHH000412: Hibernate ORM core version 5.6.15.Final
2023-06-02 12:16:11.193  INFO 8616 --- [main] o.hibernate.annotations.common.Version   : HCANN000001: Hibernate Commons Annotations {5.1.2.Final}
2023-06-02 12:16:11.556  INFO 8616 --- [main] org.hibernate.dialect.Dialect            : HHH000400: Using dialect: org.hibernate.dialect.MySQL8Dialect
2023-06-02 12:16:12.880  INFO 8616 --- [main] o.h.e.t.j.p.i.JtaPlatformInitiator       : HHH000490: Using JtaPlatform implementation: [org.hibernate.engine.transaction.jta.platform.internal.NoJtaPlatform]
2023-06-02 12:16:12.898  INFO 8616 --- [main] j.LocalContainerEntityManagerFactoryBean : Initialized JPA EntityManagerFactory for persistence unit 'default'
2023-06-02 12:16:14.386  WARN 8616 --- [main] JpaBaseConfiguration$JpaWebConfiguration : spring.jpa.open-in-view is enabled by default. Therefore, database queries may be performed during view rendering. Explicitly configure spring.jpa.open-in-view to disable this warning
2023-06-02 12:16:15.472  INFO 8616 --- [main] o.s.b.c.r.s.JobRepositoryFactoryBean     : No database type set, using meta data indicating: MYSQL
2023-06-02 12:16:15.553  INFO 8616 --- [main] o.s.b.c.l.support.SimpleJobLauncher      : No TaskExecutor has been set, defaulting to synchronous executor.
2023-06-02 12:16:15.769  INFO 8616 --- [main] c.i.S.S.SpringBatchApplicationTests      : Started SpringBatchApplicationTests in 12.096 seconds (JVM running for 15.334)
2023-06-02 12:16:16.486  INFO 8616 --- [SpringApplicationShutdownHook] j.LocalContainerEntityManagerFactoryBean : Closing JPA EntityManagerFactory for persistence unit 'default'
2023-06-02 12:16:16.488  INFO 8616 --- [SpringApplicationShutdownHook] com.zaxxer.hikari.HikariDataSource       : HikariPool-1 - Shutdown initiated...
2023-06-02 12:16:16.517  INFO 8616 --- [SpringApplicationShutdownHook] com.zaxxer.hikari.HikariDataSource       : HikariPool-1 - Shutdown completed.
2023-06-02 13:14:17.329  INFO 9380 --- [restartedMain] c.i.S.S.SpringBatchApplication           : Starting SpringBatchApplication using Java 17.0.5 on intitccul-5201 with PID 9380 (D:\Spring_batch\Spring-Batch\target\classes started by TapasS in D:\Spring_batch\Spring-Batch)
2023-06-02 13:14:17.358  INFO 9380 --- [restartedMain] c.i.S.S.SpringBatchApplication           : No active profile set, falling back to 1 default profile: "default"
2023-06-02 13:14:17.486  INFO 9380 --- [restartedMain] .e.DevToolsPropertyDefaultsPostProcessor : Devtools property defaults active! Set 'spring.devtools.add-properties' to 'false' to disable
2023-06-02 13:14:17.486  INFO 9380 --- [restartedMain] .e.DevToolsPropertyDefaultsPostProcessor : For additional web related logging consider setting the 'logging.level.web' property to 'DEBUG'
2023-06-02 13:14:20.131  INFO 9380 --- [restartedMain] .s.d.r.c.RepositoryConfigurationDelegate : Bootstrapping Spring Data JPA repositories in DEFAULT mode.
2023-06-02 13:14:20.254  INFO 9380 --- [restartedMain] .s.d.r.c.RepositoryConfigurationDelegate : Finished Spring Data repository scanning in 93 ms. Found 3 JPA repository interfaces.
2023-06-02 13:14:22.214  INFO 9380 --- [restartedMain] o.s.b.w.embedded.tomcat.TomcatWebServer  : Tomcat initialized with port(s): 8080 (http)
2023-06-02 13:14:22.236  INFO 9380 --- [restartedMain] o.apache.catalina.core.StandardService   : Starting service [Tomcat]
2023-06-02 13:14:22.236  INFO 9380 --- [restartedMain] org.apache.catalina.core.StandardEngine  : Starting Servlet engine: [Apache Tomcat/9.0.74]
2023-06-02 13:14:22.471  INFO 9380 --- [restartedMain] o.a.c.c.C.[Tomcat].[localhost].[/]       : Initializing Spring embedded WebApplicationContext
2023-06-02 13:14:22.472  INFO 9380 --- [restartedMain] w.s.c.ServletWebServerApplicationContext : Root WebApplicationContext: initialization completed in 4986 ms
2023-06-02 13:14:22.849  INFO 9380 --- [restartedMain] com.zaxxer.hikari.HikariDataSource       : HikariPool-1 - Starting...
2023-06-02 13:14:23.543  INFO 9380 --- [restartedMain] com.zaxxer.hikari.HikariDataSource       : HikariPool-1 - Start completed.
2023-06-02 13:14:23.976  INFO 9380 --- [restartedMain] o.hibernate.jpa.internal.util.LogHelper  : HHH000204: Processing PersistenceUnitInfo [name: default]
2023-06-02 13:14:24.050  INFO 9380 --- [restartedMain] org.hibernate.Version                    : HHH000412: Hibernate ORM core version 5.6.15.Final
2023-06-02 13:14:24.270  INFO 9380 --- [restartedMain] o.hibernate.annotations.common.Version   : HCANN000001: Hibernate Commons Annotations {5.1.2.Final}
2023-06-02 13:14:24.556  INFO 9380 --- [restartedMain] org.hibernate.dialect.Dialect            : HHH000400: Using dialect: org.hibernate.dialect.MySQL8Dialect
2023-06-02 13:14:25.431  INFO 9380 --- [restartedMain] o.h.e.t.j.p.i.JtaPlatformInitiator       : HHH000490: Using JtaPlatform implementation: [org.hibernate.engine.transaction.jta.platform.internal.NoJtaPlatform]
2023-06-02 13:14:25.461  INFO 9380 --- [restartedMain] j.LocalContainerEntityManagerFactoryBean : Initialized JPA EntityManagerFactory for persistence unit 'default'
2023-06-02 13:14:26.155  WARN 9380 --- [restartedMain] JpaBaseConfiguration$JpaWebConfiguration : spring.jpa.open-in-view is enabled by default. Therefore, database queries may be performed during view rendering. Explicitly configure spring.jpa.open-in-view to disable this warning
2023-06-02 13:14:26.582  INFO 9380 --- [restartedMain] o.s.b.c.r.s.JobRepositoryFactoryBean     : No database type set, using meta data indicating: MYSQL
2023-06-02 13:14:26.605  INFO 9380 --- [restartedMain] o.s.b.c.l.support.SimpleJobLauncher      : No TaskExecutor has been set, defaulting to synchronous executor.
2023-06-02 13:14:26.679  INFO 9380 --- [restartedMain] o.s.b.d.a.OptionalLiveReloadServer       : LiveReload server is running on port 35729
2023-06-02 13:14:26.738  INFO 9380 --- [restartedMain] o.s.b.w.embedded.tomcat.TomcatWebServer  : Tomcat started on port(s): 8080 (http) with context path ''
2023-06-02 13:14:26.749  INFO 9380 --- [restartedMain] c.i.S.S.SpringBatchApplication           : Started SpringBatchApplication in 10.141 seconds (JVM running for 11.612)
2023-06-02 13:20:00.943  INFO 9380 --- [RMI TCP Connection(9)-127.0.0.1] inMXBeanRegistrar$SpringApplicationAdmin : Application shutdown requested.
2023-06-02 13:20:00.969  INFO 9380 --- [RMI TCP Connection(9)-127.0.0.1] o.apache.catalina.core.StandardService   : Stopping service [Tomcat]
2023-06-02 13:20:00.985  INFO 9380 --- [RMI TCP Connection(9)-127.0.0.1] j.LocalContainerEntityManagerFactoryBean : Closing JPA EntityManagerFactory for persistence unit 'default'
2023-06-02 13:20:00.991  INFO 9380 --- [RMI TCP Connection(9)-127.0.0.1] com.zaxxer.hikari.HikariDataSource       : HikariPool-1 - Shutdown initiated...
2023-06-02 13:20:01.019  INFO 9380 --- [RMI TCP Connection(9)-127.0.0.1] com.zaxxer.hikari.HikariDataSource       : HikariPool-1 - Shutdown completed.
2023-06-02 14:04:10.394  INFO 4984 --- [main] c.i.S.S.SpringBatchApplicationTests      : Starting SpringBatchApplicationTests using Java 17.0.5 on intitccul-5201 with PID 4984 (started by TapasS in D:\Spring_batch\Spring-Batch)
2023-06-02 14:04:10.412  INFO 4984 --- [main] c.i.S.S.SpringBatchApplicationTests      : No active profile set, falling back to 1 default profile: "default"
2023-06-02 14:04:11.268  INFO 4984 --- [main] .s.d.r.c.RepositoryConfigurationDelegate : Bootstrapping Spring Data JPA repositories in DEFAULT mode.
2023-06-02 14:04:11.330  INFO 4984 --- [main] .s.d.r.c.RepositoryConfigurationDelegate : Finished Spring Data repository scanning in 52 ms. Found 3 JPA repository interfaces.
2023-06-02 14:04:11.771  INFO 4984 --- [main] com.zaxxer.hikari.HikariDataSource       : HikariPool-1 - Starting...
2023-06-02 14:04:12.233  INFO 4984 --- [main] com.zaxxer.hikari.HikariDataSource       : HikariPool-1 - Start completed.
2023-06-02 14:04:12.549  INFO 4984 --- [main] o.hibernate.jpa.internal.util.LogHelper  : HHH000204: Processing PersistenceUnitInfo [name: default]
2023-06-02 14:04:12.603  INFO 4984 --- [main] org.hibernate.Version                    : HHH000412: Hibernate ORM core version 5.6.15.Final
2023-06-02 14:04:12.771  INFO 4984 --- [main] o.hibernate.annotations.common.Version   : HCANN000001: Hibernate Commons Annotations {5.1.2.Final}
2023-06-02 14:04:12.908  INFO 4984 --- [main] org.hibernate.dialect.Dialect            : HHH000400: Using dialect: org.hibernate.dialect.MySQL8Dialect
2023-06-02 14:04:13.584  INFO 4984 --- [main] o.h.e.t.j.p.i.JtaPlatformInitiator       : HHH000490: Using JtaPlatform implementation: [org.hibernate.engine.transaction.jta.platform.internal.NoJtaPlatform]
2023-06-02 14:04:13.595  INFO 4984 --- [main] j.LocalContainerEntityManagerFactoryBean : Initialized JPA EntityManagerFactory for persistence unit 'default'
2023-06-02 14:04:14.414  WARN 4984 --- [main] JpaBaseConfiguration$JpaWebConfiguration : spring.jpa.open-in-view is enabled by default. Therefore, database queries may be performed during view rendering. Explicitly configure spring.jpa.open-in-view to disable this warning
2023-06-02 14:04:14.889  INFO 4984 --- [main] o.s.b.c.r.s.JobRepositoryFactoryBean     : No database type set, using meta data indicating: MYSQL
2023-06-02 14:04:14.912  INFO 4984 --- [main] o.s.b.c.l.support.SimpleJobLauncher      : No TaskExecutor has been set, defaulting to synchronous executor.
2023-06-02 14:04:15.062  INFO 4984 --- [main] c.i.S.S.SpringBatchApplicationTests      : Started SpringBatchApplicationTests in 4.995 seconds (JVM running for 6.524)
2023-06-02 14:04:15.396  INFO 4984 --- [SpringApplicationShutdownHook] j.LocalContainerEntityManagerFactoryBean : Closing JPA EntityManagerFactory for persistence unit 'default'
2023-06-02 14:04:15.398  INFO 4984 --- [SpringApplicationShutdownHook] com.zaxxer.hikari.HikariDataSource       : HikariPool-1 - Shutdown initiated...
2023-06-02 14:04:15.413  INFO 4984 --- [SpringApplicationShutdownHook] com.zaxxer.hikari.HikariDataSource       : HikariPool-1 - Shutdown completed.
2023-06-02 14:08:37.300  INFO 2324 --- [restartedMain] c.i.S.S.SpringBatchApplication           : Starting SpringBatchApplication using Java 17.0.5 on intitccul-5201 with PID 2324 (D:\Spring_batch\Spring-Batch\target\classes started by TapasS in D:\Spring_batch\Spring-Batch)
2023-06-02 14:08:37.301  INFO 2324 --- [restartedMain] c.i.S.S.SpringBatchApplication           : No active profile set, falling back to 1 default profile: "default"
2023-06-02 14:08:37.347  INFO 2324 --- [restartedMain] .e.DevToolsPropertyDefaultsPostProcessor : Devtools property defaults active! Set 'spring.devtools.add-properties' to 'false' to disable
2023-06-02 14:08:37.348  INFO 2324 --- [restartedMain] .e.DevToolsPropertyDefaultsPostProcessor : For additional web related logging consider setting the 'logging.level.web' property to 'DEBUG'
2023-06-02 14:08:37.865  INFO 2324 --- [restartedMain] .s.d.r.c.RepositoryConfigurationDelegate : Bootstrapping Spring Data JPA repositories in DEFAULT mode.
2023-06-02 14:08:37.921  INFO 2324 --- [restartedMain] .s.d.r.c.RepositoryConfigurationDelegate : Finished Spring Data repository scanning in 46 ms. Found 3 JPA repository interfaces.
2023-06-02 14:08:38.431  INFO 2324 --- [restartedMain] o.s.b.w.embedded.tomcat.TomcatWebServer  : Tomcat initialized with port(s): 8080 (http)
2023-06-02 14:08:38.441  INFO 2324 --- [restartedMain] o.apache.catalina.core.StandardService   : Starting service [Tomcat]
2023-06-02 14:08:38.441  INFO 2324 --- [restartedMain] org.apache.catalina.core.StandardEngine  : Starting Servlet engine: [Apache Tomcat/9.0.74]
2023-06-02 14:08:38.518  INFO 2324 --- [restartedMain] o.a.c.c.C.[Tomcat].[localhost].[/]       : Initializing Spring embedded WebApplicationContext
2023-06-02 14:08:38.518  INFO 2324 --- [restartedMain] w.s.c.ServletWebServerApplicationContext : Root WebApplicationContext: initialization completed in 1170 ms
2023-06-02 14:08:38.612  INFO 2324 --- [restartedMain] com.zaxxer.hikari.HikariDataSource       : HikariPool-1 - Starting...
2023-06-02 14:08:38.880  INFO 2324 --- [restartedMain] com.zaxxer.hikari.HikariDataSource       : HikariPool-1 - Start completed.
2023-06-02 14:08:39.019  INFO 2324 --- [restartedMain] o.hibernate.jpa.internal.util.LogHelper  : HHH000204: Processing PersistenceUnitInfo [name: default]
2023-06-02 14:08:39.090  INFO 2324 --- [restartedMain] org.hibernate.Version                    : HHH000412: Hibernate ORM core version 5.6.15.Final
2023-06-02 14:08:39.244  INFO 2324 --- [restartedMain] o.hibernate.annotations.common.Version   : HCANN000001: Hibernate Commons Annotations {5.1.2.Final}
2023-06-02 14:08:39.360  INFO 2324 --- [restartedMain] org.hibernate.dialect.Dialect            : HHH000400: Using dialect: org.hibernate.dialect.MySQL8Dialect
2023-06-02 14:08:39.923  INFO 2324 --- [restartedMain] o.h.e.t.j.p.i.JtaPlatformInitiator       : HHH000490: Using JtaPlatform implementation: [org.hibernate.engine.transaction.jta.platform.internal.NoJtaPlatform]
2023-06-02 14:08:39.936  INFO 2324 --- [restartedMain] j.LocalContainerEntityManagerFactoryBean : Initialized JPA EntityManagerFactory for persistence unit 'default'
2023-06-02 14:08:40.356  WARN 2324 --- [restartedMain] JpaBaseConfiguration$JpaWebConfiguration : spring.jpa.open-in-view is enabled by default. Therefore, database queries may be performed during view rendering. Explicitly configure spring.jpa.open-in-view to disable this warning
2023-06-02 14:08:40.566  INFO 2324 --- [restartedMain] o.s.b.c.r.s.JobRepositoryFactoryBean     : No database type set, using meta data indicating: MYSQL
2023-06-02 14:08:40.586  INFO 2324 --- [restartedMain] o.s.b.c.l.support.SimpleJobLauncher      : No TaskExecutor has been set, defaulting to synchronous executor.
2023-06-02 14:08:40.649  INFO 2324 --- [restartedMain] o.s.b.d.a.OptionalLiveReloadServer       : LiveReload server is running on port 35729
2023-06-02 14:08:40.672  WARN 2324 --- [restartedMain] ConfigServletWebServerApplicationContext : Exception encountered during context initialization - cancelling refresh attempt: org.springframework.context.ApplicationContextException: Failed to start bean 'webServerStartStop'; nested exception is org.springframework.boot.web.server.PortInUseException: Port 8080 is already in use
2023-06-02 14:08:40.675  INFO 2324 --- [restartedMain] j.LocalContainerEntityManagerFactoryBean : Closing JPA EntityManagerFactory for persistence unit 'default'
2023-06-02 14:08:40.677  INFO 2324 --- [restartedMain] com.zaxxer.hikari.HikariDataSource       : HikariPool-1 - Shutdown initiated...
2023-06-02 14:08:40.685  INFO 2324 --- [restartedMain] com.zaxxer.hikari.HikariDataSource       : HikariPool-1 - Shutdown completed.
2023-06-02 14:08:40.687  INFO 2324 --- [restartedMain] o.apache.catalina.core.StandardService   : Stopping service [Tomcat]
2023-06-02 14:08:40.697  INFO 2324 --- [restartedMain] ConditionEvaluationReportLoggingListener : 

Error starting ApplicationContext. To display the conditions report re-run your application with 'debug' enabled.
2023-06-02 14:08:40.718 ERROR 2324 --- [restartedMain] o.s.b.d.LoggingFailureAnalysisReporter   : 

***************************
APPLICATION FAILED TO START
***************************

Description:

Web server failed to start. Port 8080 was already in use.

Action:

Identify and stop the process that's listening on port 8080 or configure this application to listen on another port.

2023-06-02 14:14:13.171  INFO 11236 --- [restartedMain] c.i.S.S.SpringBatchApplication           : Starting SpringBatchApplication using Java 17.0.5 on intitccul-5201 with PID 11236 (D:\Spring_batch\Spring-Batch\target\classes started by TapasS in D:\Spring_batch\Spring-Batch)
2023-06-02 14:14:13.172  INFO 11236 --- [restartedMain] c.i.S.S.SpringBatchApplication           : No active profile set, falling back to 1 default profile: "default"
2023-06-02 14:14:13.220  INFO 11236 --- [restartedMain] .e.DevToolsPropertyDefaultsPostProcessor : Devtools property defaults active! Set 'spring.devtools.add-properties' to 'false' to disable
2023-06-02 14:14:13.220  INFO 11236 --- [restartedMain] .e.DevToolsPropertyDefaultsPostProcessor : For additional web related logging consider setting the 'logging.level.web' property to 'DEBUG'
2023-06-02 14:14:13.872  INFO 11236 --- [restartedMain] .s.d.r.c.RepositoryConfigurationDelegate : Bootstrapping Spring Data JPA repositories in DEFAULT mode.
2023-06-02 14:14:13.921  INFO 11236 --- [restartedMain] .s.d.r.c.RepositoryConfigurationDelegate : Finished Spring Data repository scanning in 40 ms. Found 3 JPA repository interfaces.
2023-06-02 14:14:14.404  INFO 11236 --- [restartedMain] o.s.b.w.embedded.tomcat.TomcatWebServer  : Tomcat initialized with port(s): 8080 (http)
2023-06-02 14:14:14.412  INFO 11236 --- [restartedMain] o.apache.catalina.core.StandardService   : Starting service [Tomcat]
2023-06-02 14:14:14.413  INFO 11236 --- [restartedMain] org.apache.catalina.core.StandardEngine  : Starting Servlet engine: [Apache Tomcat/9.0.74]
2023-06-02 14:14:14.506  INFO 11236 --- [restartedMain] o.a.c.c.C.[Tomcat].[localhost].[/]       : Initializing Spring embedded WebApplicationContext
2023-06-02 14:14:14.506  INFO 11236 --- [restartedMain] w.s.c.ServletWebServerApplicationContext : Root WebApplicationContext: initialization completed in 1286 ms
2023-06-02 14:14:14.594  INFO 11236 --- [restartedMain] com.zaxxer.hikari.HikariDataSource       : HikariPool-1 - Starting...
2023-06-02 14:14:14.873  INFO 11236 --- [restartedMain] com.zaxxer.hikari.HikariDataSource       : HikariPool-1 - Start completed.
2023-06-02 14:14:15.014  INFO 11236 --- [restartedMain] o.hibernate.jpa.internal.util.LogHelper  : HHH000204: Processing PersistenceUnitInfo [name: default]
2023-06-02 14:14:15.077  INFO 11236 --- [restartedMain] org.hibernate.Version                    : HHH000412: Hibernate ORM core version 5.6.15.Final
2023-06-02 14:14:15.229  INFO 11236 --- [restartedMain] o.hibernate.annotations.common.Version   : HCANN000001: Hibernate Commons Annotations {5.1.2.Final}
2023-06-02 14:14:15.366  INFO 11236 --- [restartedMain] org.hibernate.dialect.Dialect            : HHH000400: Using dialect: org.hibernate.dialect.MySQL8Dialect
2023-06-02 14:14:15.940  INFO 11236 --- [restartedMain] o.h.e.t.j.p.i.JtaPlatformInitiator       : HHH000490: Using JtaPlatform implementation: [org.hibernate.engine.transaction.jta.platform.internal.NoJtaPlatform]
2023-06-02 14:14:15.950  INFO 11236 --- [restartedMain] j.LocalContainerEntityManagerFactoryBean : Initialized JPA EntityManagerFactory for persistence unit 'default'
2023-06-02 14:14:16.416  WARN 11236 --- [restartedMain] JpaBaseConfiguration$JpaWebConfiguration : spring.jpa.open-in-view is enabled by default. Therefore, database queries may be performed during view rendering. Explicitly configure spring.jpa.open-in-view to disable this warning
2023-06-02 14:14:16.636  INFO 11236 --- [restartedMain] o.s.b.c.r.s.JobRepositoryFactoryBean     : No database type set, using meta data indicating: MYSQL
2023-06-02 14:14:16.657  INFO 11236 --- [restartedMain] o.s.b.c.l.support.SimpleJobLauncher      : No TaskExecutor has been set, defaulting to synchronous executor.
2023-06-02 14:14:16.724  INFO 11236 --- [restartedMain] o.s.b.d.a.OptionalLiveReloadServer       : LiveReload server is running on port 35729
2023-06-02 14:14:16.789  INFO 11236 --- [restartedMain] o.s.b.w.embedded.tomcat.TomcatWebServer  : Tomcat started on port(s): 8080 (http) with context path ''
2023-06-02 14:14:16.798  INFO 11236 --- [restartedMain] c.i.S.S.SpringBatchApplication           : Started SpringBatchApplication in 3.947 seconds (JVM running for 5.159)
2023-06-02 14:34:28.065  INFO 11236 --- [RMI TCP Connection(22)-127.0.0.1] inMXBeanRegistrar$SpringApplicationAdmin : Application shutdown requested.
2023-06-02 14:34:28.075  INFO 11236 --- [RMI TCP Connection(22)-127.0.0.1] o.apache.catalina.core.StandardService   : Stopping service [Tomcat]
2023-06-02 14:34:28.084  INFO 11236 --- [RMI TCP Connection(22)-127.0.0.1] j.LocalContainerEntityManagerFactoryBean : Closing JPA EntityManagerFactory for persistence unit 'default'
2023-06-02 14:34:28.087  INFO 11236 --- [RMI TCP Connection(22)-127.0.0.1] com.zaxxer.hikari.HikariDataSource       : HikariPool-1 - Shutdown initiated...
2023-06-02 14:34:28.096  INFO 11236 --- [RMI TCP Connection(22)-127.0.0.1] com.zaxxer.hikari.HikariDataSource       : HikariPool-1 - Shutdown completed.
